[0.009s] Invoking command in '/home/drag0n0wl/ros2_ws/src/my_cpp_pkg/build/my_cpp_pkg': CMAKE_PREFIX_PATH=${CMAKE_PREFIX_PATH}:/home/drag0n0wl/ros2_ws/install/my_py_pkg:/opt/ros/humble /usr/bin/cmake --build /home/drag0n0wl/ros2_ws/src/my_cpp_pkg/build/my_cpp_pkg -- -j6 -l6
[0.047s] [35m[1mConsolidate compiler generated dependencies of target cpp_node[0m
[0.047s] [35m[1mConsolidate compiler generated dependencies of target robot_news_station[0m
[0.048s] [35m[1mConsolidate compiler generated dependencies of target add_two_ints_client_no_oop[0m
[0.049s] [35m[1mConsolidate compiler generated dependencies of target smartphone[0m
[0.056s] [35m[1mConsolidate compiler generated dependencies of target add_two_ints_server[0m
[0.068s] [ 20%] Built target robot_news_station
[0.077s] [ 30%] [32mBuilding CXX object CMakeFiles/add_two_ints_client_no_oop.dir/src/add_two_ints_client_no_oop.cpp.o[0m
[0.080s] [ 50%] Built target cpp_node
[0.080s] [ 70%] Built target smartphone
[0.086s] [ 90%] Built target add_two_ints_server
[3.086s] [100%] [32m[1mLinking CXX executable add_two_ints_client_no_oop[0m
[3.224s] [100%] Built target add_two_ints_client_no_oop
[3.236s] Invoked command in '/home/drag0n0wl/ros2_ws/src/my_cpp_pkg/build/my_cpp_pkg' returned '0': CMAKE_PREFIX_PATH=${CMAKE_PREFIX_PATH}:/home/drag0n0wl/ros2_ws/install/my_py_pkg:/opt/ros/humble /usr/bin/cmake --build /home/drag0n0wl/ros2_ws/src/my_cpp_pkg/build/my_cpp_pkg -- -j6 -l6
[3.278s] Invoking command in '/home/drag0n0wl/ros2_ws/src/my_cpp_pkg/build/my_cpp_pkg': CMAKE_PREFIX_PATH=${CMAKE_PREFIX_PATH}:/home/drag0n0wl/ros2_ws/install/my_py_pkg:/opt/ros/humble /usr/bin/cmake --install /home/drag0n0wl/ros2_ws/src/my_cpp_pkg/build/my_cpp_pkg
[3.291s] -- Install configuration: ""
[3.292s] -- Up-to-date: /home/drag0n0wl/ros2_ws/src/my_cpp_pkg/install/my_cpp_pkg/lib/my_cpp_pkg/cpp_node
[3.292s] -- Up-to-date: /home/drag0n0wl/ros2_ws/src/my_cpp_pkg/install/my_cpp_pkg/lib/my_cpp_pkg/robot_news_station
[3.293s] -- Up-to-date: /home/drag0n0wl/ros2_ws/src/my_cpp_pkg/install/my_cpp_pkg/lib/my_cpp_pkg/smartphone
[3.294s] -- Up-to-date: /home/drag0n0wl/ros2_ws/src/my_cpp_pkg/install/my_cpp_pkg/lib/my_cpp_pkg/add_two_ints_server
[3.294s] -- Installing: /home/drag0n0wl/ros2_ws/src/my_cpp_pkg/install/my_cpp_pkg/lib/my_cpp_pkg/add_two_ints_client_no_oop
[3.296s] -- Set runtime path of "/home/drag0n0wl/ros2_ws/src/my_cpp_pkg/install/my_cpp_pkg/lib/my_cpp_pkg/add_two_ints_client_no_oop" to ""
[3.296s] -- Up-to-date: /home/drag0n0wl/ros2_ws/src/my_cpp_pkg/install/my_cpp_pkg/share/ament_index/resource_index/package_run_dependencies/my_cpp_pkg
[3.297s] -- Up-to-date: /home/drag0n0wl/ros2_ws/src/my_cpp_pkg/install/my_cpp_pkg/share/ament_index/resource_index/parent_prefix_path/my_cpp_pkg
[3.297s] -- Up-to-date: /home/drag0n0wl/ros2_ws/src/my_cpp_pkg/install/my_cpp_pkg/share/my_cpp_pkg/environment/ament_prefix_path.sh
[3.297s] -- Up-to-date: /home/drag0n0wl/ros2_ws/src/my_cpp_pkg/install/my_cpp_pkg/share/my_cpp_pkg/environment/ament_prefix_path.dsv
[3.298s] -- Up-to-date: /home/drag0n0wl/ros2_ws/src/my_cpp_pkg/install/my_cpp_pkg/share/my_cpp_pkg/environment/path.sh
[3.298s] -- Up-to-date: /home/drag0n0wl/ros2_ws/src/my_cpp_pkg/install/my_cpp_pkg/share/my_cpp_pkg/environment/path.dsv
[3.298s] -- Up-to-date: /home/drag0n0wl/ros2_ws/src/my_cpp_pkg/install/my_cpp_pkg/share/my_cpp_pkg/local_setup.bash
[3.298s] -- Up-to-date: /home/drag0n0wl/ros2_ws/src/my_cpp_pkg/install/my_cpp_pkg/share/my_cpp_pkg/local_setup.sh
[3.299s] -- Up-to-date: /home/drag0n0wl/ros2_ws/src/my_cpp_pkg/install/my_cpp_pkg/share/my_cpp_pkg/local_setup.zsh
[3.299s] -- Up-to-date: /home/drag0n0wl/ros2_ws/src/my_cpp_pkg/install/my_cpp_pkg/share/my_cpp_pkg/local_setup.dsv
[3.299s] -- Installing: /home/drag0n0wl/ros2_ws/src/my_cpp_pkg/install/my_cpp_pkg/share/my_cpp_pkg/package.dsv
[3.299s] -- Up-to-date: /home/drag0n0wl/ros2_ws/src/my_cpp_pkg/install/my_cpp_pkg/share/ament_index/resource_index/packages/my_cpp_pkg
[3.300s] -- Up-to-date: /home/drag0n0wl/ros2_ws/src/my_cpp_pkg/install/my_cpp_pkg/share/my_cpp_pkg/cmake/my_cpp_pkgConfig.cmake
[3.300s] -- Up-to-date: /home/drag0n0wl/ros2_ws/src/my_cpp_pkg/install/my_cpp_pkg/share/my_cpp_pkg/cmake/my_cpp_pkgConfig-version.cmake
[3.300s] -- Up-to-date: /home/drag0n0wl/ros2_ws/src/my_cpp_pkg/install/my_cpp_pkg/share/my_cpp_pkg/package.xml
[3.302s] Invoked command in '/home/drag0n0wl/ros2_ws/src/my_cpp_pkg/build/my_cpp_pkg' returned '0': CMAKE_PREFIX_PATH=${CMAKE_PREFIX_PATH}:/home/drag0n0wl/ros2_ws/install/my_py_pkg:/opt/ros/humble /usr/bin/cmake --install /home/drag0n0wl/ros2_ws/src/my_cpp_pkg/build/my_cpp_pkg
