[0.017s] Invoking command in '/home/drag0n0wl/ros2_ws/src/build/my_cpp_pkg': CMAKE_PREFIX_PATH=/opt/ros/humble /usr/bin/cmake /home/drag0n0wl/ros2_ws/src/my_cpp_pkg -DCMAKE_INSTALL_PREFIX=/home/drag0n0wl/ros2_ws/src/install/my_cpp_pkg
[0.864s] -- The C compiler identification is GNU 11.4.0
[1.455s] -- The CXX compiler identification is GNU 11.4.0
[1.526s] -- Detecting C compiler ABI info
[1.653s] -- Detecting C compiler ABI info - done
[1.656s] -- Check for working C compiler: /usr/bin/cc - skipped
[1.657s] -- Detecting C compile features
[1.678s] -- Detecting C compile features - done
[1.683s] -- Detecting CXX compiler ABI info
[1.764s] -- Detecting CXX compiler ABI info - done
[1.769s] -- Check for working CXX compiler: /usr/bin/c++ - skipped
[1.770s] -- Detecting CXX compile features
[1.770s] -- Detecting CXX compile features - done
[1.846s] -- Found ament_cmake: 1.3.8 (/opt/ros/humble/share/ament_cmake/cmake)
[2.027s] -- Found Python3: /usr/bin/python3 (found version "3.10.12") found components: Interpreter 
[2.276s] -- Found rclcpp: 16.0.8 (/opt/ros/humble/share/rclcpp/cmake)
[2.364s] -- Found rosidl_generator_c: 3.1.5 (/opt/ros/humble/share/rosidl_generator_c/cmake)
[2.371s] -- Found rosidl_adapter: 3.1.5 (/opt/ros/humble/share/rosidl_adapter/cmake)
[2.390s] -- Found rosidl_generator_cpp: 3.1.5 (/opt/ros/humble/share/rosidl_generator_cpp/cmake)
[2.427s] -- Using all available rosidl_typesupport_c: rosidl_typesupport_fastrtps_c;rosidl_typesupport_introspection_c
[2.469s] -- Using all available rosidl_typesupport_cpp: rosidl_typesupport_fastrtps_cpp;rosidl_typesupport_introspection_cpp
[2.590s] -- Found rmw_implementation_cmake: 6.1.1 (/opt/ros/humble/share/rmw_implementation_cmake/cmake)
[2.594s] -- Found rmw_fastrtps_cpp: 6.2.6 (/opt/ros/humble/share/rmw_fastrtps_cpp/cmake)
[2.857s] -- Found OpenSSL: /usr/lib/x86_64-linux-gnu/libcrypto.so (found version "3.0.2")  
[2.876s] -- Found FastRTPS: /opt/ros/humble/include  
[2.908s] -- Using RMW implementation 'rmw_fastrtps_cpp' as default
[3.015s] -- Looking for pthread.h
[3.213s] -- Looking for pthread.h - found
[3.213s] -- Performing Test CMAKE_HAVE_LIBC_PTHREAD
[3.269s] -- Performing Test CMAKE_HAVE_LIBC_PTHREAD - Success
[3.270s] -- Found Threads: TRUE  
[3.621s] -- Found ament_lint_auto: 0.12.10 (/opt/ros/humble/share/ament_lint_auto/cmake)
[3.726s] -- Added test 'lint_cmake' to check CMake code style
[3.728s] -- Added test 'xmllint' to check XML markup files
[3.730s] -- Configuring done
[3.733s] -- Generating done
[3.734s] -- Build files have been written to: /home/drag0n0wl/ros2_ws/src/build/my_cpp_pkg
[3.740s] Invoked command in '/home/drag0n0wl/ros2_ws/src/build/my_cpp_pkg' returned '0': CMAKE_PREFIX_PATH=/opt/ros/humble /usr/bin/cmake /home/drag0n0wl/ros2_ws/src/my_cpp_pkg -DCMAKE_INSTALL_PREFIX=/home/drag0n0wl/ros2_ws/src/install/my_cpp_pkg
[3.741s] Invoking command in '/home/drag0n0wl/ros2_ws/src/build/my_cpp_pkg': CMAKE_PREFIX_PATH=/opt/ros/humble /usr/bin/cmake --build /home/drag0n0wl/ros2_ws/src/build/my_cpp_pkg -- -j6 -l6
[3.768s] Invoked command in '/home/drag0n0wl/ros2_ws/src/build/my_cpp_pkg' returned '0': CMAKE_PREFIX_PATH=/opt/ros/humble /usr/bin/cmake --build /home/drag0n0wl/ros2_ws/src/build/my_cpp_pkg -- -j6 -l6
[3.787s] Invoking command in '/home/drag0n0wl/ros2_ws/src/build/my_cpp_pkg': CMAKE_PREFIX_PATH=/opt/ros/humble /usr/bin/cmake --install /home/drag0n0wl/ros2_ws/src/build/my_cpp_pkg
[3.792s] -- Install configuration: ""
[3.792s] -- Installing: /home/drag0n0wl/ros2_ws/src/install/my_cpp_pkg/share/ament_index/resource_index/package_run_dependencies/my_cpp_pkg
[3.792s] -- Installing: /home/drag0n0wl/ros2_ws/src/install/my_cpp_pkg/share/ament_index/resource_index/parent_prefix_path/my_cpp_pkg
[3.792s] -- Installing: /home/drag0n0wl/ros2_ws/src/install/my_cpp_pkg/share/my_cpp_pkg/environment/ament_prefix_path.sh
[3.792s] -- Installing: /home/drag0n0wl/ros2_ws/src/install/my_cpp_pkg/share/my_cpp_pkg/environment/ament_prefix_path.dsv
[3.793s] -- Installing: /home/drag0n0wl/ros2_ws/src/install/my_cpp_pkg/share/my_cpp_pkg/environment/path.sh
[3.793s] -- Installing: /home/drag0n0wl/ros2_ws/src/install/my_cpp_pkg/share/my_cpp_pkg/environment/path.dsv
[3.793s] -- Installing: /home/drag0n0wl/ros2_ws/src/install/my_cpp_pkg/share/my_cpp_pkg/local_setup.bash
[3.793s] -- Installing: /home/drag0n0wl/ros2_ws/src/install/my_cpp_pkg/share/my_cpp_pkg/local_setup.sh
[3.794s] -- Installing: /home/drag0n0wl/ros2_ws/src/install/my_cpp_pkg/share/my_cpp_pkg/local_setup.zsh
[3.794s] -- Installing: /home/drag0n0wl/ros2_ws/src/install/my_cpp_pkg/share/my_cpp_pkg/local_setup.dsv
[3.794s] -- Installing: /home/drag0n0wl/ros2_ws/src/install/my_cpp_pkg/share/my_cpp_pkg/package.dsv
[3.794s] -- Installing: /home/drag0n0wl/ros2_ws/src/install/my_cpp_pkg/share/ament_index/resource_index/packages/my_cpp_pkg
[3.795s] -- Installing: /home/drag0n0wl/ros2_ws/src/install/my_cpp_pkg/share/my_cpp_pkg/cmake/my_cpp_pkgConfig.cmake
[3.795s] -- Installing: /home/drag0n0wl/ros2_ws/src/install/my_cpp_pkg/share/my_cpp_pkg/cmake/my_cpp_pkgConfig-version.cmake
[3.795s] -- Installing: /home/drag0n0wl/ros2_ws/src/install/my_cpp_pkg/share/my_cpp_pkg/package.xml
[3.796s] Invoked command in '/home/drag0n0wl/ros2_ws/src/build/my_cpp_pkg' returned '0': CMAKE_PREFIX_PATH=/opt/ros/humble /usr/bin/cmake --install /home/drag0n0wl/ros2_ws/src/build/my_cpp_pkg
