[0.008s] Invoking command in '/home/drag0n0wl/ros2_ws/src/my_cpp_pkg/build/my_cpp_pkg': CMAKE_PREFIX_PATH=${CMAKE_PREFIX_PATH}:/home/drag0n0wl/ros2_ws/install/my_py_pkg:/opt/ros/humble /usr/bin/cmake --build /home/drag0n0wl/ros2_ws/src/my_cpp_pkg/build/my_cpp_pkg -- -j6 -l6
[0.048s] [35m[1mConsolidate compiler generated dependencies of target add_two_ints_client_no_oop[0m
[0.057s] [ 20%] Built target smartphone
[0.059s] [ 50%] Built target add_two_ints_server
[0.059s] [ 70%] Built target cpp_node
[0.059s] [ 80%] Built target robot_news_station
[0.074s] [100%] Built target add_two_ints_client_no_oop
[0.086s] Invoked command in '/home/drag0n0wl/ros2_ws/src/my_cpp_pkg/build/my_cpp_pkg' returned '0': CMAKE_PREFIX_PATH=${CMAKE_PREFIX_PATH}:/home/drag0n0wl/ros2_ws/install/my_py_pkg:/opt/ros/humble /usr/bin/cmake --build /home/drag0n0wl/ros2_ws/src/my_cpp_pkg/build/my_cpp_pkg -- -j6 -l6
[0.119s] Invoking command in '/home/drag0n0wl/ros2_ws/src/my_cpp_pkg/build/my_cpp_pkg': CMAKE_PREFIX_PATH=${CMAKE_PREFIX_PATH}:/home/drag0n0wl/ros2_ws/install/my_py_pkg:/opt/ros/humble /usr/bin/cmake --install /home/drag0n0wl/ros2_ws/src/my_cpp_pkg/build/my_cpp_pkg
[0.124s] -- Install configuration: ""
[0.124s] -- Up-to-date: /home/drag0n0wl/ros2_ws/src/my_cpp_pkg/install/my_cpp_pkg/lib/my_cpp_pkg/cpp_node
[0.125s] -- Up-to-date: /home/drag0n0wl/ros2_ws/src/my_cpp_pkg/install/my_cpp_pkg/lib/my_cpp_pkg/robot_news_station
[0.125s] -- Up-to-date: /home/drag0n0wl/ros2_ws/src/my_cpp_pkg/install/my_cpp_pkg/lib/my_cpp_pkg/smartphone
[0.125s] -- Up-to-date: /home/drag0n0wl/ros2_ws/src/my_cpp_pkg/install/my_cpp_pkg/lib/my_cpp_pkg/add_two_ints_server
[0.125s] -- Up-to-date: /home/drag0n0wl/ros2_ws/src/my_cpp_pkg/install/my_cpp_pkg/lib/my_cpp_pkg/add_two_ints_client_no_oop
[0.125s] -- Up-to-date: /home/drag0n0wl/ros2_ws/src/my_cpp_pkg/install/my_cpp_pkg/share/ament_index/resource_index/package_run_dependencies/my_cpp_pkg
[0.125s] -- Up-to-date: /home/drag0n0wl/ros2_ws/src/my_cpp_pkg/install/my_cpp_pkg/share/ament_index/resource_index/parent_prefix_path/my_cpp_pkg
[0.125s] -- Up-to-date: /home/drag0n0wl/ros2_ws/src/my_cpp_pkg/install/my_cpp_pkg/share/my_cpp_pkg/environment/ament_prefix_path.sh
[0.129s] -- Up-to-date: /home/drag0n0wl/ros2_ws/src/my_cpp_pkg/install/my_cpp_pkg/share/my_cpp_pkg/environment/ament_prefix_path.dsv
[0.130s] -- Up-to-date: /home/drag0n0wl/ros2_ws/src/my_cpp_pkg/install/my_cpp_pkg/share/my_cpp_pkg/environment/path.sh
[0.132s] -- Up-to-date: /home/drag0n0wl/ros2_ws/src/my_cpp_pkg/install/my_cpp_pkg/share/my_cpp_pkg/environment/path.dsv
[0.134s] -- Up-to-date: /home/drag0n0wl/ros2_ws/src/my_cpp_pkg/install/my_cpp_pkg/share/my_cpp_pkg/local_setup.bash
[0.136s] -- Up-to-date: /home/drag0n0wl/ros2_ws/src/my_cpp_pkg/install/my_cpp_pkg/share/my_cpp_pkg/local_setup.sh
[0.138s] -- Up-to-date: /home/drag0n0wl/ros2_ws/src/my_cpp_pkg/install/my_cpp_pkg/share/my_cpp_pkg/local_setup.zsh
[0.139s] -- Up-to-date: /home/drag0n0wl/ros2_ws/src/my_cpp_pkg/install/my_cpp_pkg/share/my_cpp_pkg/local_setup.dsv
[0.139s] -- Installing: /home/drag0n0wl/ros2_ws/src/my_cpp_pkg/install/my_cpp_pkg/share/my_cpp_pkg/package.dsv
[0.139s] -- Up-to-date: /home/drag0n0wl/ros2_ws/src/my_cpp_pkg/install/my_cpp_pkg/share/ament_index/resource_index/packages/my_cpp_pkg
[0.140s] -- Up-to-date: /home/drag0n0wl/ros2_ws/src/my_cpp_pkg/install/my_cpp_pkg/share/my_cpp_pkg/cmake/my_cpp_pkgConfig.cmake
[0.140s] -- Up-to-date: /home/drag0n0wl/ros2_ws/src/my_cpp_pkg/install/my_cpp_pkg/share/my_cpp_pkg/cmake/my_cpp_pkgConfig-version.cmake
[0.140s] -- Up-to-date: /home/drag0n0wl/ros2_ws/src/my_cpp_pkg/install/my_cpp_pkg/share/my_cpp_pkg/package.xml
[0.140s] Invoked command in '/home/drag0n0wl/ros2_ws/src/my_cpp_pkg/build/my_cpp_pkg' returned '0': CMAKE_PREFIX_PATH=${CMAKE_PREFIX_PATH}:/home/drag0n0wl/ros2_ws/install/my_py_pkg:/opt/ros/humble /usr/bin/cmake --install /home/drag0n0wl/ros2_ws/src/my_cpp_pkg/build/my_cpp_pkg
