[0.377s] Invoking command in '/home/drag0n0wl/ros2_ws/src/my_py_pkg': PYTHONPATH=/home/drag0n0wl/ros2_ws/src/build/my_py_pkg/prefix_override:/home/drag0n0wl/ros2_ws/src/install/my_py_pkg/lib/python3.10/site-packages:${PYTHONPATH} /usr/bin/python3 -W ignore:setup.py install is deprecated setup.py egg_info --egg-base ../build/my_py_pkg build --build-base /home/drag0n0wl/ros2_ws/src/build/my_py_pkg/build install --record /home/drag0n0wl/ros2_ws/src/build/my_py_pkg/install.log --single-version-externally-managed install_data
[0.519s] running egg_info
[0.520s] writing ../build/my_py_pkg/my_py_pkg.egg-info/PKG-INFO
[0.520s] writing dependency_links to ../build/my_py_pkg/my_py_pkg.egg-info/dependency_links.txt
[0.520s] writing entry points to ../build/my_py_pkg/my_py_pkg.egg-info/entry_points.txt
[0.520s] writing requirements to ../build/my_py_pkg/my_py_pkg.egg-info/requires.txt
[0.520s] writing top-level names to ../build/my_py_pkg/my_py_pkg.egg-info/top_level.txt
[0.521s] reading manifest file '../build/my_py_pkg/my_py_pkg.egg-info/SOURCES.txt'
[0.522s] writing manifest file '../build/my_py_pkg/my_py_pkg.egg-info/SOURCES.txt'
[0.522s] running build
[0.522s] running build_py
[0.522s] running install
[0.522s] running install_lib
[0.523s] running install_data
[0.523s] running install_egg_info
[0.524s] removing '/home/drag0n0wl/ros2_ws/src/install/my_py_pkg/lib/python3.10/site-packages/my_py_pkg-0.0.0-py3.10.egg-info' (and everything under it)
[0.524s] Copying ../build/my_py_pkg/my_py_pkg.egg-info to /home/drag0n0wl/ros2_ws/src/install/my_py_pkg/lib/python3.10/site-packages/my_py_pkg-0.0.0-py3.10.egg-info
[0.525s] running install_scripts
[0.540s] writing list of installed files to '/home/drag0n0wl/ros2_ws/src/build/my_py_pkg/install.log'
[0.560s] Invoked command in '/home/drag0n0wl/ros2_ws/src/my_py_pkg' returned '0': PYTHONPATH=/home/drag0n0wl/ros2_ws/src/build/my_py_pkg/prefix_override:/home/drag0n0wl/ros2_ws/src/install/my_py_pkg/lib/python3.10/site-packages:${PYTHONPATH} /usr/bin/python3 -W ignore:setup.py install is deprecated setup.py egg_info --egg-base ../build/my_py_pkg build --build-base /home/drag0n0wl/ros2_ws/src/build/my_py_pkg/build install --record /home/drag0n0wl/ros2_ws/src/build/my_py_pkg/install.log --single-version-externally-managed install_data
