[0.068s] DEBUG:colcon:Command line arguments: ['/usr/bin/colcon', 'build']
[0.068s] DEBUG:colcon:Parsed command line arguments: Namespace(log_base=None, log_level=None, verb_name='build', build_base='build', install_base='install', merge_install=False, symlink_install=False, test_result_base=None, continue_on_error=False, executor='parallel', parallel_workers=6, event_handlers=None, ignore_user_meta=False, metas=['./colcon.meta'], base_paths=['.'], packages_ignore=None, packages_ignore_regex=None, paths=None, packages_up_to=None, packages_up_to_regex=None, packages_above=None, packages_above_and_dependencies=None, packages_above_depth=None, packages_select_by_dep=None, packages_skip_by_dep=None, packages_skip_up_to=None, packages_select_build_failed=False, packages_skip_build_finished=False, packages_select_test_failures=False, packages_skip_test_passed=False, packages_select=None, packages_skip=None, packages_select_regex=None, packages_skip_regex=None, packages_start=None, packages_end=None, allow_overriding=[], cmake_args=None, cmake_target=None, cmake_target_skip_unavailable=False, cmake_clean_cache=False, cmake_clean_first=False, cmake_force_configure=False, ament_cmake_args=None, catkin_cmake_args=None, catkin_skip_building_tests=False, verb_parser=<colcon_defaults.argument_parser.defaults.DefaultArgumentsDecorator object at 0x7abe49173910>, verb_extension=<colcon_core.verb.build.BuildVerb object at 0x7abe491733d0>, main=<bound method BuildVerb.main of <colcon_core.verb.build.BuildVerb object at 0x7abe491733d0>>)
[0.162s] Level 1:colcon.colcon_core.package_discovery:discover_packages(colcon_meta) check parameters
[0.162s] Level 1:colcon.colcon_core.package_discovery:discover_packages(recursive) check parameters
[0.162s] Level 1:colcon.colcon_core.package_discovery:discover_packages(ignore) check parameters
[0.162s] Level 1:colcon.colcon_core.package_discovery:discover_packages(path) check parameters
[0.162s] Level 1:colcon.colcon_core.package_discovery:discover_packages(colcon_meta) discover
[0.162s] Level 1:colcon.colcon_core.package_discovery:discover_packages(recursive) discover
[0.162s] INFO:colcon.colcon_core.package_discovery:Crawling recursively for packages in '/home/drag0n0wl/ros2_ws/src'
[0.162s] Level 1:colcon.colcon_core.package_identification:_identify(.) by extensions ['ignore', 'ignore_ament_install']
[0.162s] Level 1:colcon.colcon_core.package_identification:_identify(.) by extension 'ignore'
[0.162s] Level 1:colcon.colcon_core.package_identification:_identify(.) by extension 'ignore_ament_install'
[0.162s] Level 1:colcon.colcon_core.package_identification:_identify(.) by extensions ['colcon_pkg']
[0.162s] Level 1:colcon.colcon_core.package_identification:_identify(.) by extension 'colcon_pkg'
[0.162s] Level 1:colcon.colcon_core.package_identification:_identify(.) by extensions ['colcon_meta']
[0.162s] Level 1:colcon.colcon_core.package_identification:_identify(.) by extension 'colcon_meta'
[0.162s] Level 1:colcon.colcon_core.package_identification:_identify(.) by extensions ['ros']
[0.162s] Level 1:colcon.colcon_core.package_identification:_identify(.) by extension 'ros'
[0.170s] Level 1:colcon.colcon_core.package_identification:_identify(.) by extensions ['cmake', 'python']
[0.170s] Level 1:colcon.colcon_core.package_identification:_identify(.) by extension 'cmake'
[0.170s] Level 1:colcon.colcon_core.package_identification:_identify(.) by extension 'python'
[0.170s] Level 1:colcon.colcon_core.package_identification:_identify(.) by extensions ['python_setup_py']
[0.170s] Level 1:colcon.colcon_core.package_identification:_identify(.) by extension 'python_setup_py'
[0.170s] Level 1:colcon.colcon_core.package_identification:_identify(build) by extensions ['ignore', 'ignore_ament_install']
[0.170s] Level 1:colcon.colcon_core.package_identification:_identify(build) by extension 'ignore'
[0.170s] Level 1:colcon.colcon_core.package_identification:_identify(build) ignored
[0.170s] Level 1:colcon.colcon_core.package_identification:_identify(install) by extensions ['ignore', 'ignore_ament_install']
[0.171s] Level 1:colcon.colcon_core.package_identification:_identify(install) by extension 'ignore'
[0.171s] Level 1:colcon.colcon_core.package_identification:_identify(install) ignored
[0.171s] Level 1:colcon.colcon_core.package_identification:_identify(log) by extensions ['ignore', 'ignore_ament_install']
[0.171s] Level 1:colcon.colcon_core.package_identification:_identify(log) by extension 'ignore'
[0.171s] Level 1:colcon.colcon_core.package_identification:_identify(log) ignored
[0.171s] Level 1:colcon.colcon_core.package_identification:_identify(my_cpp_pkg) by extensions ['ignore', 'ignore_ament_install']
[0.171s] Level 1:colcon.colcon_core.package_identification:_identify(my_cpp_pkg) by extension 'ignore'
[0.171s] Level 1:colcon.colcon_core.package_identification:_identify(my_cpp_pkg) by extension 'ignore_ament_install'
[0.171s] Level 1:colcon.colcon_core.package_identification:_identify(my_cpp_pkg) by extensions ['colcon_pkg']
[0.171s] Level 1:colcon.colcon_core.package_identification:_identify(my_cpp_pkg) by extension 'colcon_pkg'
[0.171s] Level 1:colcon.colcon_core.package_identification:_identify(my_cpp_pkg) by extensions ['colcon_meta']
[0.171s] Level 1:colcon.colcon_core.package_identification:_identify(my_cpp_pkg) by extension 'colcon_meta'
[0.171s] Level 1:colcon.colcon_core.package_identification:_identify(my_cpp_pkg) by extensions ['ros']
[0.171s] Level 1:colcon.colcon_core.package_identification:_identify(my_cpp_pkg) by extension 'ros'
[0.173s] DEBUG:colcon.colcon_core.package_identification:Package 'my_cpp_pkg' with type 'ros.ament_cmake' and name 'my_cpp_pkg'
[0.173s] Level 1:colcon.colcon_core.package_identification:_identify(my_py_pkg) by extensions ['ignore', 'ignore_ament_install']
[0.173s] Level 1:colcon.colcon_core.package_identification:_identify(my_py_pkg) by extension 'ignore'
[0.173s] Level 1:colcon.colcon_core.package_identification:_identify(my_py_pkg) by extension 'ignore_ament_install'
[0.173s] Level 1:colcon.colcon_core.package_identification:_identify(my_py_pkg) by extensions ['colcon_pkg']
[0.173s] Level 1:colcon.colcon_core.package_identification:_identify(my_py_pkg) by extension 'colcon_pkg'
[0.173s] Level 1:colcon.colcon_core.package_identification:_identify(my_py_pkg) by extensions ['colcon_meta']
[0.173s] Level 1:colcon.colcon_core.package_identification:_identify(my_py_pkg) by extension 'colcon_meta'
[0.173s] Level 1:colcon.colcon_core.package_identification:_identify(my_py_pkg) by extensions ['ros']
[0.173s] Level 1:colcon.colcon_core.package_identification:_identify(my_py_pkg) by extension 'ros'
[0.173s] DEBUG:colcon.colcon_core.package_identification:Package 'my_py_pkg' with type 'ros.ament_python' and name 'my_py_pkg'
[0.173s] Level 1:colcon.colcon_core.package_discovery:discover_packages(recursive) using defaults
[0.173s] Level 1:colcon.colcon_core.package_discovery:discover_packages(ignore) discover
[0.173s] Level 1:colcon.colcon_core.package_discovery:discover_packages(ignore) using defaults
[0.173s] Level 1:colcon.colcon_core.package_discovery:discover_packages(path) discover
[0.173s] Level 1:colcon.colcon_core.package_discovery:discover_packages(path) using defaults
[0.186s] Level 1:colcon.colcon_core.package_discovery:discover_packages(prefix_path) check parameters
[0.186s] Level 1:colcon.colcon_core.package_discovery:discover_packages(prefix_path) discover
[0.187s] DEBUG:colcon.colcon_installed_package_information.package_discovery:Found 0 installed packages in /home/drag0n0wl/ros2_ws/install
[0.188s] DEBUG:colcon.colcon_installed_package_information.package_discovery:Found 270 installed packages in /opt/ros/humble
[0.189s] Level 1:colcon.colcon_core.package_discovery:discover_packages(prefix_path) using defaults
[0.218s] Level 5:colcon.colcon_core.verb:set package 'my_cpp_pkg' build argument 'cmake_args' from command line to 'None'
[0.218s] Level 5:colcon.colcon_core.verb:set package 'my_cpp_pkg' build argument 'cmake_target' from command line to 'None'
[0.218s] Level 5:colcon.colcon_core.verb:set package 'my_cpp_pkg' build argument 'cmake_target_skip_unavailable' from command line to 'False'
[0.218s] Level 5:colcon.colcon_core.verb:set package 'my_cpp_pkg' build argument 'cmake_clean_cache' from command line to 'False'
[0.218s] Level 5:colcon.colcon_core.verb:set package 'my_cpp_pkg' build argument 'cmake_clean_first' from command line to 'False'
[0.218s] Level 5:colcon.colcon_core.verb:set package 'my_cpp_pkg' build argument 'cmake_force_configure' from command line to 'False'
[0.218s] Level 5:colcon.colcon_core.verb:set package 'my_cpp_pkg' build argument 'ament_cmake_args' from command line to 'None'
[0.218s] Level 5:colcon.colcon_core.verb:set package 'my_cpp_pkg' build argument 'catkin_cmake_args' from command line to 'None'
[0.218s] Level 5:colcon.colcon_core.verb:set package 'my_cpp_pkg' build argument 'catkin_skip_building_tests' from command line to 'False'
[0.218s] DEBUG:colcon.colcon_core.verb:Building package 'my_cpp_pkg' with the following arguments: {'ament_cmake_args': None, 'build_base': '/home/drag0n0wl/ros2_ws/src/build/my_cpp_pkg', 'catkin_cmake_args': None, 'catkin_skip_building_tests': False, 'cmake_args': None, 'cmake_clean_cache': False, 'cmake_clean_first': False, 'cmake_force_configure': False, 'cmake_target': None, 'cmake_target_skip_unavailable': False, 'install_base': '/home/drag0n0wl/ros2_ws/src/install/my_cpp_pkg', 'merge_install': False, 'path': '/home/drag0n0wl/ros2_ws/src/my_cpp_pkg', 'symlink_install': False, 'test_result_base': None}
[0.218s] Level 5:colcon.colcon_core.verb:set package 'my_py_pkg' build argument 'cmake_args' from command line to 'None'
[0.218s] Level 5:colcon.colcon_core.verb:set package 'my_py_pkg' build argument 'cmake_target' from command line to 'None'
[0.219s] Level 5:colcon.colcon_core.verb:set package 'my_py_pkg' build argument 'cmake_target_skip_unavailable' from command line to 'False'
[0.219s] Level 5:colcon.colcon_core.verb:set package 'my_py_pkg' build argument 'cmake_clean_cache' from command line to 'False'
[0.219s] Level 5:colcon.colcon_core.verb:set package 'my_py_pkg' build argument 'cmake_clean_first' from command line to 'False'
[0.219s] Level 5:colcon.colcon_core.verb:set package 'my_py_pkg' build argument 'cmake_force_configure' from command line to 'False'
[0.219s] Level 5:colcon.colcon_core.verb:set package 'my_py_pkg' build argument 'ament_cmake_args' from command line to 'None'
[0.219s] Level 5:colcon.colcon_core.verb:set package 'my_py_pkg' build argument 'catkin_cmake_args' from command line to 'None'
[0.219s] Level 5:colcon.colcon_core.verb:set package 'my_py_pkg' build argument 'catkin_skip_building_tests' from command line to 'False'
[0.219s] DEBUG:colcon.colcon_core.verb:Building package 'my_py_pkg' with the following arguments: {'ament_cmake_args': None, 'build_base': '/home/drag0n0wl/ros2_ws/src/build/my_py_pkg', 'catkin_cmake_args': None, 'catkin_skip_building_tests': False, 'cmake_args': None, 'cmake_clean_cache': False, 'cmake_clean_first': False, 'cmake_force_configure': False, 'cmake_target': None, 'cmake_target_skip_unavailable': False, 'install_base': '/home/drag0n0wl/ros2_ws/src/install/my_py_pkg', 'merge_install': False, 'path': '/home/drag0n0wl/ros2_ws/src/my_py_pkg', 'symlink_install': False, 'test_result_base': None}
[0.219s] INFO:colcon.colcon_core.executor:Executing jobs using 'parallel' executor
[0.220s] DEBUG:colcon.colcon_parallel_executor.executor.parallel:run_until_complete
[0.220s] INFO:colcon.colcon_ros.task.ament_cmake.build:Building ROS package in '/home/drag0n0wl/ros2_ws/src/my_cpp_pkg' with build type 'ament_cmake'
[0.220s] INFO:colcon.colcon_cmake.task.cmake.build:Building CMake package in '/home/drag0n0wl/ros2_ws/src/my_cpp_pkg'
[0.221s] INFO:colcon.colcon_core.plugin_system:Skipping extension 'colcon_core.shell.bat': Not used on non-Windows systems
[0.221s] INFO:colcon.colcon_core.shell:Skip shell extension 'powershell' for command environment: Not usable outside of PowerShell
[0.221s] DEBUG:colcon.colcon_core.shell:Skip shell extension 'dsv' for command environment
[0.223s] INFO:colcon.colcon_ros.task.ament_python.build:Building ROS package in '/home/drag0n0wl/ros2_ws/src/my_py_pkg' with build type 'ament_python'
[0.223s] Level 1:colcon.colcon_core.shell:create_environment_hook('my_py_pkg', 'ament_prefix_path')
[0.223s] INFO:colcon.colcon_core.shell:Creating environment hook '/home/drag0n0wl/ros2_ws/src/install/my_py_pkg/share/my_py_pkg/hook/ament_prefix_path.ps1'
[0.224s] INFO:colcon.colcon_core.shell:Creating environment descriptor '/home/drag0n0wl/ros2_ws/src/install/my_py_pkg/share/my_py_pkg/hook/ament_prefix_path.dsv'
[0.224s] INFO:colcon.colcon_core.shell:Creating environment hook '/home/drag0n0wl/ros2_ws/src/install/my_py_pkg/share/my_py_pkg/hook/ament_prefix_path.sh'
[0.225s] INFO:colcon.colcon_core.shell:Skip shell extension 'powershell' for command environment: Not usable outside of PowerShell
[0.225s] DEBUG:colcon.colcon_core.shell:Skip shell extension 'dsv' for command environment
[0.237s] DEBUG:colcon.colcon_core.event_handler.log_command:Invoking command in '/home/drag0n0wl/ros2_ws/src/build/my_cpp_pkg': CMAKE_PREFIX_PATH=/opt/ros/humble /usr/bin/cmake /home/drag0n0wl/ros2_ws/src/my_cpp_pkg -DCMAKE_INSTALL_PREFIX=/home/drag0n0wl/ros2_ws/src/install/my_cpp_pkg
[0.394s] INFO:colcon.colcon_core.task.python.build:Building Python package in '/home/drag0n0wl/ros2_ws/src/my_py_pkg'
[0.395s] INFO:colcon.colcon_core.shell:Skip shell extension 'powershell' for command environment: Not usable outside of PowerShell
[0.395s] DEBUG:colcon.colcon_core.shell:Skip shell extension 'dsv' for command environment
[0.622s] DEBUG:colcon.colcon_core.event_handler.log_command:Invoking command in '/home/drag0n0wl/ros2_ws/src/my_py_pkg': PYTHONPATH=/home/drag0n0wl/ros2_ws/src/build/my_py_pkg/prefix_override:/home/drag0n0wl/ros2_ws/src/install/my_py_pkg/lib/python3.10/site-packages:${PYTHONPATH} /usr/bin/python3 -W ignore:setup.py install is deprecated setup.py egg_info --egg-base ../build/my_py_pkg build --build-base /home/drag0n0wl/ros2_ws/src/build/my_py_pkg/build install --record /home/drag0n0wl/ros2_ws/src/build/my_py_pkg/install.log --single-version-externally-managed install_data
[0.821s] DEBUG:colcon.colcon_core.event_handler.log_command:Invoked command in '/home/drag0n0wl/ros2_ws/src/my_py_pkg' returned '0': PYTHONPATH=/home/drag0n0wl/ros2_ws/src/build/my_py_pkg/prefix_override:/home/drag0n0wl/ros2_ws/src/install/my_py_pkg/lib/python3.10/site-packages:${PYTHONPATH} /usr/bin/python3 -W ignore:setup.py install is deprecated setup.py egg_info --egg-base ../build/my_py_pkg build --build-base /home/drag0n0wl/ros2_ws/src/build/my_py_pkg/build install --record /home/drag0n0wl/ros2_ws/src/build/my_py_pkg/install.log --single-version-externally-managed install_data
[0.823s] Level 1:colcon.colcon_core.environment:checking '/home/drag0n0wl/ros2_ws/src/install/my_py_pkg' for CMake module files
[0.823s] Level 1:colcon.colcon_core.environment:checking '/home/drag0n0wl/ros2_ws/src/install/my_py_pkg' for CMake config files
[0.824s] Level 1:colcon.colcon_core.environment:checking '/home/drag0n0wl/ros2_ws/src/install/my_py_pkg/lib'
[0.824s] Level 1:colcon.colcon_core.environment:checking '/home/drag0n0wl/ros2_ws/src/install/my_py_pkg/bin'
[0.824s] Level 1:colcon.colcon_core.environment:checking '/home/drag0n0wl/ros2_ws/src/install/my_py_pkg/lib/pkgconfig/my_py_pkg.pc'
[0.824s] Level 1:colcon.colcon_core.environment:checking '/home/drag0n0wl/ros2_ws/src/install/my_py_pkg/lib/python3.10/site-packages'
[0.824s] Level 1:colcon.colcon_core.shell:create_environment_hook('my_py_pkg', 'pythonpath')
[0.825s] INFO:colcon.colcon_core.shell:Creating environment hook '/home/drag0n0wl/ros2_ws/src/install/my_py_pkg/share/my_py_pkg/hook/pythonpath.ps1'
[0.825s] INFO:colcon.colcon_core.shell:Creating environment descriptor '/home/drag0n0wl/ros2_ws/src/install/my_py_pkg/share/my_py_pkg/hook/pythonpath.dsv'
[0.825s] INFO:colcon.colcon_core.shell:Creating environment hook '/home/drag0n0wl/ros2_ws/src/install/my_py_pkg/share/my_py_pkg/hook/pythonpath.sh'
[0.826s] Level 1:colcon.colcon_core.environment:checking '/home/drag0n0wl/ros2_ws/src/install/my_py_pkg/bin'
[0.826s] Level 1:colcon.colcon_core.environment:create_environment_scripts_only(my_py_pkg)
[0.826s] INFO:colcon.colcon_core.shell:Creating package script '/home/drag0n0wl/ros2_ws/src/install/my_py_pkg/share/my_py_pkg/package.ps1'
[0.827s] INFO:colcon.colcon_core.shell:Creating package descriptor '/home/drag0n0wl/ros2_ws/src/install/my_py_pkg/share/my_py_pkg/package.dsv'
[0.827s] INFO:colcon.colcon_core.shell:Creating package script '/home/drag0n0wl/ros2_ws/src/install/my_py_pkg/share/my_py_pkg/package.sh'
[0.828s] INFO:colcon.colcon_core.shell:Creating package script '/home/drag0n0wl/ros2_ws/src/install/my_py_pkg/share/my_py_pkg/package.bash'
[0.828s] INFO:colcon.colcon_core.shell:Creating package script '/home/drag0n0wl/ros2_ws/src/install/my_py_pkg/share/my_py_pkg/package.zsh'
[0.828s] Level 1:colcon.colcon_core.environment:create_file_with_runtime_dependencies(/home/drag0n0wl/ros2_ws/src/install/my_py_pkg/share/colcon-core/packages/my_py_pkg)
[3.960s] DEBUG:colcon.colcon_core.event_handler.log_command:Invoked command in '/home/drag0n0wl/ros2_ws/src/build/my_cpp_pkg' returned '0': CMAKE_PREFIX_PATH=/opt/ros/humble /usr/bin/cmake /home/drag0n0wl/ros2_ws/src/my_cpp_pkg -DCMAKE_INSTALL_PREFIX=/home/drag0n0wl/ros2_ws/src/install/my_cpp_pkg
[3.961s] DEBUG:colcon.colcon_core.event_handler.log_command:Invoking command in '/home/drag0n0wl/ros2_ws/src/build/my_cpp_pkg': CMAKE_PREFIX_PATH=/opt/ros/humble /usr/bin/cmake --build /home/drag0n0wl/ros2_ws/src/build/my_cpp_pkg -- -j6 -l6
[3.988s] DEBUG:colcon.colcon_core.event_handler.log_command:Invoked command in '/home/drag0n0wl/ros2_ws/src/build/my_cpp_pkg' returned '0': CMAKE_PREFIX_PATH=/opt/ros/humble /usr/bin/cmake --build /home/drag0n0wl/ros2_ws/src/build/my_cpp_pkg -- -j6 -l6
[4.007s] DEBUG:colcon.colcon_core.event_handler.log_command:Invoking command in '/home/drag0n0wl/ros2_ws/src/build/my_cpp_pkg': CMAKE_PREFIX_PATH=/opt/ros/humble /usr/bin/cmake --install /home/drag0n0wl/ros2_ws/src/build/my_cpp_pkg
[4.016s] Level 1:colcon.colcon_core.environment:create_environment_scripts_only(my_cpp_pkg)
[4.016s] DEBUG:colcon.colcon_core.event_handler.log_command:Invoked command in '/home/drag0n0wl/ros2_ws/src/build/my_cpp_pkg' returned '0': CMAKE_PREFIX_PATH=/opt/ros/humble /usr/bin/cmake --install /home/drag0n0wl/ros2_ws/src/build/my_cpp_pkg
[4.016s] Level 1:colcon.colcon_core.environment:checking '/home/drag0n0wl/ros2_ws/src/install/my_cpp_pkg' for CMake module files
[4.016s] Level 1:colcon.colcon_core.environment:checking '/home/drag0n0wl/ros2_ws/src/install/my_cpp_pkg' for CMake config files
[4.017s] Level 1:colcon.colcon_core.shell:create_environment_hook('my_cpp_pkg', 'cmake_prefix_path')
[4.017s] INFO:colcon.colcon_core.shell:Creating environment hook '/home/drag0n0wl/ros2_ws/src/install/my_cpp_pkg/share/my_cpp_pkg/hook/cmake_prefix_path.ps1'
[4.017s] INFO:colcon.colcon_core.shell:Creating environment descriptor '/home/drag0n0wl/ros2_ws/src/install/my_cpp_pkg/share/my_cpp_pkg/hook/cmake_prefix_path.dsv'
[4.017s] INFO:colcon.colcon_core.shell:Creating environment hook '/home/drag0n0wl/ros2_ws/src/install/my_cpp_pkg/share/my_cpp_pkg/hook/cmake_prefix_path.sh'
[4.018s] Level 1:colcon.colcon_core.environment:checking '/home/drag0n0wl/ros2_ws/src/install/my_cpp_pkg/bin'
[4.018s] Level 1:colcon.colcon_core.environment:checking '/home/drag0n0wl/ros2_ws/src/install/my_cpp_pkg/lib/pkgconfig/my_cpp_pkg.pc'
[4.018s] Level 1:colcon.colcon_core.environment:checking '/home/drag0n0wl/ros2_ws/src/install/my_cpp_pkg/lib/python3.10/site-packages'
[4.018s] Level 1:colcon.colcon_core.environment:checking '/home/drag0n0wl/ros2_ws/src/install/my_cpp_pkg/bin'
[4.018s] INFO:colcon.colcon_core.shell:Creating package script '/home/drag0n0wl/ros2_ws/src/install/my_cpp_pkg/share/my_cpp_pkg/package.ps1'
[4.018s] INFO:colcon.colcon_core.shell:Creating package descriptor '/home/drag0n0wl/ros2_ws/src/install/my_cpp_pkg/share/my_cpp_pkg/package.dsv'
[4.019s] INFO:colcon.colcon_core.shell:Creating package script '/home/drag0n0wl/ros2_ws/src/install/my_cpp_pkg/share/my_cpp_pkg/package.sh'
[4.019s] INFO:colcon.colcon_core.shell:Creating package script '/home/drag0n0wl/ros2_ws/src/install/my_cpp_pkg/share/my_cpp_pkg/package.bash'
[4.019s] INFO:colcon.colcon_core.shell:Creating package script '/home/drag0n0wl/ros2_ws/src/install/my_cpp_pkg/share/my_cpp_pkg/package.zsh'
[4.019s] Level 1:colcon.colcon_core.environment:create_file_with_runtime_dependencies(/home/drag0n0wl/ros2_ws/src/install/my_cpp_pkg/share/colcon-core/packages/my_cpp_pkg)
[4.033s] Level 1:colcon.colcon_core.environment:create_environment_scripts_only(my_cpp_pkg)
[4.034s] Level 1:colcon.colcon_core.environment:checking '/home/drag0n0wl/ros2_ws/src/install/my_cpp_pkg' for CMake module files
[4.034s] Level 1:colcon.colcon_core.environment:checking '/home/drag0n0wl/ros2_ws/src/install/my_cpp_pkg' for CMake config files
[4.034s] Level 1:colcon.colcon_core.shell:create_environment_hook('my_cpp_pkg', 'cmake_prefix_path')
[4.034s] INFO:colcon.colcon_core.shell:Creating environment hook '/home/drag0n0wl/ros2_ws/src/install/my_cpp_pkg/share/my_cpp_pkg/hook/cmake_prefix_path.ps1'
[4.035s] INFO:colcon.colcon_core.shell:Creating environment descriptor '/home/drag0n0wl/ros2_ws/src/install/my_cpp_pkg/share/my_cpp_pkg/hook/cmake_prefix_path.dsv'
[4.035s] INFO:colcon.colcon_core.shell:Creating environment hook '/home/drag0n0wl/ros2_ws/src/install/my_cpp_pkg/share/my_cpp_pkg/hook/cmake_prefix_path.sh'
[4.035s] Level 1:colcon.colcon_core.environment:checking '/home/drag0n0wl/ros2_ws/src/install/my_cpp_pkg/bin'
[4.035s] Level 1:colcon.colcon_core.environment:checking '/home/drag0n0wl/ros2_ws/src/install/my_cpp_pkg/lib/pkgconfig/my_cpp_pkg.pc'
[4.035s] Level 1:colcon.colcon_core.environment:checking '/home/drag0n0wl/ros2_ws/src/install/my_cpp_pkg/lib/python3.10/site-packages'
[4.036s] Level 1:colcon.colcon_core.environment:checking '/home/drag0n0wl/ros2_ws/src/install/my_cpp_pkg/bin'
[4.036s] INFO:colcon.colcon_core.shell:Creating package script '/home/drag0n0wl/ros2_ws/src/install/my_cpp_pkg/share/my_cpp_pkg/package.ps1'
[4.036s] INFO:colcon.colcon_core.shell:Creating package descriptor '/home/drag0n0wl/ros2_ws/src/install/my_cpp_pkg/share/my_cpp_pkg/package.dsv'
[4.036s] INFO:colcon.colcon_core.shell:Creating package script '/home/drag0n0wl/ros2_ws/src/install/my_cpp_pkg/share/my_cpp_pkg/package.sh'
[4.037s] INFO:colcon.colcon_core.shell:Creating package script '/home/drag0n0wl/ros2_ws/src/install/my_cpp_pkg/share/my_cpp_pkg/package.bash'
[4.037s] INFO:colcon.colcon_core.shell:Creating package script '/home/drag0n0wl/ros2_ws/src/install/my_cpp_pkg/share/my_cpp_pkg/package.zsh'
[4.037s] Level 1:colcon.colcon_core.environment:create_file_with_runtime_dependencies(/home/drag0n0wl/ros2_ws/src/install/my_cpp_pkg/share/colcon-core/packages/my_cpp_pkg)
[4.037s] DEBUG:colcon.colcon_parallel_executor.executor.parallel:closing loop
[4.038s] DEBUG:colcon.colcon_parallel_executor.executor.parallel:loop closed
[4.038s] DEBUG:colcon.colcon_parallel_executor.executor.parallel:run_until_complete finished with '0'
[4.038s] DEBUG:colcon.colcon_core.event_reactor:joining thread
[4.042s] INFO:colcon.colcon_core.plugin_system:Skipping extension 'colcon_notification.desktop_notification.terminal_notifier': Not used on non-Darwin systems
[4.042s] INFO:colcon.colcon_core.plugin_system:Skipping extension 'colcon_notification.desktop_notification.win32': Not used on non-Windows systems
[4.042s] INFO:colcon.colcon_notification.desktop_notification:Sending desktop notification using 'notify2'
[4.051s] DEBUG:colcon.colcon_core.event_reactor:joined thread
[4.051s] INFO:colcon.colcon_core.shell:Creating prefix script '/home/drag0n0wl/ros2_ws/src/install/local_setup.ps1'
[4.052s] INFO:colcon.colcon_core.shell:Creating prefix util module '/home/drag0n0wl/ros2_ws/src/install/_local_setup_util_ps1.py'
[4.056s] INFO:colcon.colcon_core.shell:Creating prefix chain script '/home/drag0n0wl/ros2_ws/src/install/setup.ps1'
[4.057s] INFO:colcon.colcon_core.shell:Creating prefix script '/home/drag0n0wl/ros2_ws/src/install/local_setup.sh'
[4.058s] INFO:colcon.colcon_core.shell:Creating prefix util module '/home/drag0n0wl/ros2_ws/src/install/_local_setup_util_sh.py'
[4.059s] INFO:colcon.colcon_core.shell:Creating prefix chain script '/home/drag0n0wl/ros2_ws/src/install/setup.sh'
[4.061s] INFO:colcon.colcon_core.shell:Creating prefix script '/home/drag0n0wl/ros2_ws/src/install/local_setup.bash'
[4.062s] INFO:colcon.colcon_core.shell:Creating prefix chain script '/home/drag0n0wl/ros2_ws/src/install/setup.bash'
[4.065s] INFO:colcon.colcon_core.shell:Creating prefix script '/home/drag0n0wl/ros2_ws/src/install/local_setup.zsh'
[4.066s] INFO:colcon.colcon_core.shell:Creating prefix chain script '/home/drag0n0wl/ros2_ws/src/install/setup.zsh'
