[0.965s] DEBUG:colcon:Command line arguments: ['/usr/bin/colcon', 'build', '--packages-select', 'my_cpp_pkg']
[0.965s] DEBUG:colcon:Parsed command line arguments: Namespace(log_base=None, log_level=None, verb_name='build', build_base='build', install_base='install', merge_install=False, symlink_install=False, test_result_base=None, continue_on_error=False, executor='parallel', parallel_workers=6, event_handlers=None, ignore_user_meta=False, metas=['./colcon.meta'], base_paths=['.'], packages_ignore=None, packages_ignore_regex=None, paths=None, packages_up_to=None, packages_up_to_regex=None, packages_above=None, packages_above_and_dependencies=None, packages_above_depth=None, packages_select_by_dep=None, packages_skip_by_dep=None, packages_skip_up_to=None, packages_select_build_failed=False, packages_skip_build_finished=False, packages_select_test_failures=False, packages_skip_test_passed=False, packages_select=['my_cpp_pkg'], packages_skip=None, packages_select_regex=None, packages_skip_regex=None, packages_start=None, packages_end=None, allow_overriding=[], cmake_args=None, cmake_target=None, cmake_target_skip_unavailable=False, cmake_clean_cache=False, cmake_clean_first=False, cmake_force_configure=False, ament_cmake_args=None, catkin_cmake_args=None, catkin_skip_building_tests=False, verb_parser=<colcon_defaults.argument_parser.defaults.DefaultArgumentsDecorator object at 0x731043304280>, verb_extension=<colcon_core.verb.build.BuildVerb object at 0x7310432cbd00>, main=<bound method BuildVerb.main of <colcon_core.verb.build.BuildVerb object at 0x7310432cbd00>>)
[1.537s] Level 1:colcon.colcon_core.package_discovery:discover_packages(colcon_meta) check parameters
[1.537s] Level 1:colcon.colcon_core.package_discovery:discover_packages(recursive) check parameters
[1.537s] Level 1:colcon.colcon_core.package_discovery:discover_packages(ignore) check parameters
[1.537s] Level 1:colcon.colcon_core.package_discovery:discover_packages(path) check parameters
[1.537s] Level 1:colcon.colcon_core.package_discovery:discover_packages(colcon_meta) discover
[1.538s] Level 1:colcon.colcon_core.package_discovery:discover_packages(recursive) discover
[1.538s] INFO:colcon.colcon_core.package_discovery:Crawling recursively for packages in '/home/drag0n0wl/ros2_ws/src/my_cpp_pkg'
[1.538s] Level 1:colcon.colcon_core.package_identification:_identify(.) by extensions ['ignore', 'ignore_ament_install']
[1.538s] Level 1:colcon.colcon_core.package_identification:_identify(.) by extension 'ignore'
[1.538s] Level 1:colcon.colcon_core.package_identification:_identify(.) by extension 'ignore_ament_install'
[1.538s] Level 1:colcon.colcon_core.package_identification:_identify(.) by extensions ['colcon_pkg']
[1.538s] Level 1:colcon.colcon_core.package_identification:_identify(.) by extension 'colcon_pkg'
[1.538s] Level 1:colcon.colcon_core.package_identification:_identify(.) by extensions ['colcon_meta']
[1.538s] Level 1:colcon.colcon_core.package_identification:_identify(.) by extension 'colcon_meta'
[1.538s] Level 1:colcon.colcon_core.package_identification:_identify(.) by extensions ['ros']
[1.538s] Level 1:colcon.colcon_core.package_identification:_identify(.) by extension 'ros'
[1.548s] DEBUG:colcon.colcon_core.package_identification:Package '.' with type 'ros.ament_cmake' and name 'my_cpp_pkg'
[1.548s] Level 1:colcon.colcon_core.package_discovery:discover_packages(recursive) using defaults
[1.548s] Level 1:colcon.colcon_core.package_discovery:discover_packages(ignore) discover
[1.548s] Level 1:colcon.colcon_core.package_discovery:discover_packages(ignore) using defaults
[1.548s] Level 1:colcon.colcon_core.package_discovery:discover_packages(path) discover
[1.548s] Level 1:colcon.colcon_core.package_discovery:discover_packages(path) using defaults
[1.575s] Level 1:colcon.colcon_core.package_discovery:discover_packages(prefix_path) check parameters
[1.575s] Level 1:colcon.colcon_core.package_discovery:discover_packages(prefix_path) discover
[1.577s] DEBUG:colcon.colcon_installed_package_information.package_discovery:Found 2 installed packages in /home/drag0n0wl/ros2_ws/install
[1.577s] DEBUG:colcon.colcon_installed_package_information.package_discovery:Found 270 installed packages in /opt/ros/humble
[1.578s] Level 1:colcon.colcon_core.package_discovery:discover_packages(prefix_path) using defaults
[1.868s] Level 5:colcon.colcon_core.verb:set package 'my_cpp_pkg' build argument 'cmake_args' from command line to 'None'
[1.868s] Level 5:colcon.colcon_core.verb:set package 'my_cpp_pkg' build argument 'cmake_target' from command line to 'None'
[1.868s] Level 5:colcon.colcon_core.verb:set package 'my_cpp_pkg' build argument 'cmake_target_skip_unavailable' from command line to 'False'
[1.868s] Level 5:colcon.colcon_core.verb:set package 'my_cpp_pkg' build argument 'cmake_clean_cache' from command line to 'False'
[1.868s] Level 5:colcon.colcon_core.verb:set package 'my_cpp_pkg' build argument 'cmake_clean_first' from command line to 'False'
[1.868s] Level 5:colcon.colcon_core.verb:set package 'my_cpp_pkg' build argument 'cmake_force_configure' from command line to 'False'
[1.868s] Level 5:colcon.colcon_core.verb:set package 'my_cpp_pkg' build argument 'ament_cmake_args' from command line to 'None'
[1.868s] Level 5:colcon.colcon_core.verb:set package 'my_cpp_pkg' build argument 'catkin_cmake_args' from command line to 'None'
[1.868s] Level 5:colcon.colcon_core.verb:set package 'my_cpp_pkg' build argument 'catkin_skip_building_tests' from command line to 'False'
[1.868s] DEBUG:colcon.colcon_core.verb:Building package 'my_cpp_pkg' with the following arguments: {'ament_cmake_args': None, 'build_base': '/home/drag0n0wl/ros2_ws/src/my_cpp_pkg/build/my_cpp_pkg', 'catkin_cmake_args': None, 'catkin_skip_building_tests': False, 'cmake_args': None, 'cmake_clean_cache': False, 'cmake_clean_first': False, 'cmake_force_configure': False, 'cmake_target': None, 'cmake_target_skip_unavailable': False, 'install_base': '/home/drag0n0wl/ros2_ws/src/my_cpp_pkg/install/my_cpp_pkg', 'merge_install': False, 'path': '/home/drag0n0wl/ros2_ws/src/my_cpp_pkg', 'symlink_install': False, 'test_result_base': None}
[1.868s] INFO:colcon.colcon_core.executor:Executing jobs using 'parallel' executor
[1.869s] DEBUG:colcon.colcon_parallel_executor.executor.parallel:run_until_complete
[1.869s] INFO:colcon.colcon_ros.task.ament_cmake.build:Building ROS package in '/home/drag0n0wl/ros2_ws/src/my_cpp_pkg' with build type 'ament_cmake'
[1.869s] INFO:colcon.colcon_cmake.task.cmake.build:Building CMake package in '/home/drag0n0wl/ros2_ws/src/my_cpp_pkg'
[1.871s] INFO:colcon.colcon_core.plugin_system:Skipping extension 'colcon_core.shell.bat': Not used on non-Windows systems
[1.871s] INFO:colcon.colcon_core.shell:Skip shell extension 'powershell' for command environment: Not usable outside of PowerShell
[1.871s] DEBUG:colcon.colcon_core.shell:Skip shell extension 'dsv' for command environment
[1.877s] DEBUG:colcon.colcon_core.event_handler.log_command:Invoking command in '/home/drag0n0wl/ros2_ws/src/my_cpp_pkg/build/my_cpp_pkg': CMAKE_PREFIX_PATH=${CMAKE_PREFIX_PATH}:/home/drag0n0wl/ros2_ws/install/my_py_pkg:/opt/ros/humble /usr/bin/cmake /home/drag0n0wl/ros2_ws/src/my_cpp_pkg -DCMAKE_INSTALL_PREFIX=/home/drag0n0wl/ros2_ws/src/my_cpp_pkg/install/my_cpp_pkg
[3.802s] DEBUG:colcon.colcon_core.event_handler.log_command:Invoked command in '/home/drag0n0wl/ros2_ws/src/my_cpp_pkg/build/my_cpp_pkg' returned '0': CMAKE_PREFIX_PATH=${CMAKE_PREFIX_PATH}:/home/drag0n0wl/ros2_ws/install/my_py_pkg:/opt/ros/humble /usr/bin/cmake /home/drag0n0wl/ros2_ws/src/my_cpp_pkg -DCMAKE_INSTALL_PREFIX=/home/drag0n0wl/ros2_ws/src/my_cpp_pkg/install/my_cpp_pkg
[3.802s] DEBUG:colcon.colcon_core.event_handler.log_command:Invoking command in '/home/drag0n0wl/ros2_ws/src/my_cpp_pkg/build/my_cpp_pkg': CMAKE_PREFIX_PATH=${CMAKE_PREFIX_PATH}:/home/drag0n0wl/ros2_ws/install/my_py_pkg:/opt/ros/humble /usr/bin/cmake --build /home/drag0n0wl/ros2_ws/src/my_cpp_pkg/build/my_cpp_pkg -- -j6 -l6
[10.951s] DEBUG:colcon.colcon_core.event_handler.log_command:Invoked command in '/home/drag0n0wl/ros2_ws/src/my_cpp_pkg/build/my_cpp_pkg' returned '0': CMAKE_PREFIX_PATH=${CMAKE_PREFIX_PATH}:/home/drag0n0wl/ros2_ws/install/my_py_pkg:/opt/ros/humble /usr/bin/cmake --build /home/drag0n0wl/ros2_ws/src/my_cpp_pkg/build/my_cpp_pkg -- -j6 -l6
[10.989s] DEBUG:colcon.colcon_core.event_handler.log_command:Invoking command in '/home/drag0n0wl/ros2_ws/src/my_cpp_pkg/build/my_cpp_pkg': CMAKE_PREFIX_PATH=${CMAKE_PREFIX_PATH}:/home/drag0n0wl/ros2_ws/install/my_py_pkg:/opt/ros/humble /usr/bin/cmake --install /home/drag0n0wl/ros2_ws/src/my_cpp_pkg/build/my_cpp_pkg
[11.003s] Level 1:colcon.colcon_core.environment:create_environment_scripts_only(my_cpp_pkg)
[11.004s] DEBUG:colcon.colcon_core.event_handler.log_command:Invoked command in '/home/drag0n0wl/ros2_ws/src/my_cpp_pkg/build/my_cpp_pkg' returned '0': CMAKE_PREFIX_PATH=${CMAKE_PREFIX_PATH}:/home/drag0n0wl/ros2_ws/install/my_py_pkg:/opt/ros/humble /usr/bin/cmake --install /home/drag0n0wl/ros2_ws/src/my_cpp_pkg/build/my_cpp_pkg
[11.005s] Level 1:colcon.colcon_core.environment:checking '/home/drag0n0wl/ros2_ws/src/my_cpp_pkg/install/my_cpp_pkg' for CMake module files
[11.005s] Level 1:colcon.colcon_core.environment:checking '/home/drag0n0wl/ros2_ws/src/my_cpp_pkg/install/my_cpp_pkg' for CMake config files
[11.006s] Level 1:colcon.colcon_core.shell:create_environment_hook('my_cpp_pkg', 'cmake_prefix_path')
[11.006s] INFO:colcon.colcon_core.shell:Creating environment hook '/home/drag0n0wl/ros2_ws/src/my_cpp_pkg/install/my_cpp_pkg/share/my_cpp_pkg/hook/cmake_prefix_path.ps1'
[11.006s] INFO:colcon.colcon_core.shell:Creating environment descriptor '/home/drag0n0wl/ros2_ws/src/my_cpp_pkg/install/my_cpp_pkg/share/my_cpp_pkg/hook/cmake_prefix_path.dsv'
[11.006s] INFO:colcon.colcon_core.shell:Creating environment hook '/home/drag0n0wl/ros2_ws/src/my_cpp_pkg/install/my_cpp_pkg/share/my_cpp_pkg/hook/cmake_prefix_path.sh'
[11.007s] Level 1:colcon.colcon_core.environment:checking '/home/drag0n0wl/ros2_ws/src/my_cpp_pkg/install/my_cpp_pkg/lib'
[11.007s] Level 1:colcon.colcon_core.environment:checking '/home/drag0n0wl/ros2_ws/src/my_cpp_pkg/install/my_cpp_pkg/bin'
[11.007s] Level 1:colcon.colcon_core.environment:checking '/home/drag0n0wl/ros2_ws/src/my_cpp_pkg/install/my_cpp_pkg/lib/pkgconfig/my_cpp_pkg.pc'
[11.007s] Level 1:colcon.colcon_core.environment:checking '/home/drag0n0wl/ros2_ws/src/my_cpp_pkg/install/my_cpp_pkg/lib/python3.10/site-packages'
[11.007s] Level 1:colcon.colcon_core.environment:checking '/home/drag0n0wl/ros2_ws/src/my_cpp_pkg/install/my_cpp_pkg/bin'
[11.008s] INFO:colcon.colcon_core.shell:Creating package script '/home/drag0n0wl/ros2_ws/src/my_cpp_pkg/install/my_cpp_pkg/share/my_cpp_pkg/package.ps1'
[11.008s] INFO:colcon.colcon_core.shell:Creating package descriptor '/home/drag0n0wl/ros2_ws/src/my_cpp_pkg/install/my_cpp_pkg/share/my_cpp_pkg/package.dsv'
[11.008s] INFO:colcon.colcon_core.shell:Creating package script '/home/drag0n0wl/ros2_ws/src/my_cpp_pkg/install/my_cpp_pkg/share/my_cpp_pkg/package.sh'
[11.009s] INFO:colcon.colcon_core.shell:Creating package script '/home/drag0n0wl/ros2_ws/src/my_cpp_pkg/install/my_cpp_pkg/share/my_cpp_pkg/package.bash'
[11.009s] INFO:colcon.colcon_core.shell:Creating package script '/home/drag0n0wl/ros2_ws/src/my_cpp_pkg/install/my_cpp_pkg/share/my_cpp_pkg/package.zsh'
[11.010s] Level 1:colcon.colcon_core.environment:create_file_with_runtime_dependencies(/home/drag0n0wl/ros2_ws/src/my_cpp_pkg/install/my_cpp_pkg/share/colcon-core/packages/my_cpp_pkg)
[11.036s] Level 1:colcon.colcon_core.environment:create_environment_scripts_only(my_cpp_pkg)
[11.037s] Level 1:colcon.colcon_core.environment:checking '/home/drag0n0wl/ros2_ws/src/my_cpp_pkg/install/my_cpp_pkg' for CMake module files
[11.037s] Level 1:colcon.colcon_core.environment:checking '/home/drag0n0wl/ros2_ws/src/my_cpp_pkg/install/my_cpp_pkg' for CMake config files
[11.037s] Level 1:colcon.colcon_core.shell:create_environment_hook('my_cpp_pkg', 'cmake_prefix_path')
[11.037s] INFO:colcon.colcon_core.shell:Creating environment hook '/home/drag0n0wl/ros2_ws/src/my_cpp_pkg/install/my_cpp_pkg/share/my_cpp_pkg/hook/cmake_prefix_path.ps1'
[11.038s] INFO:colcon.colcon_core.shell:Creating environment descriptor '/home/drag0n0wl/ros2_ws/src/my_cpp_pkg/install/my_cpp_pkg/share/my_cpp_pkg/hook/cmake_prefix_path.dsv'
[11.038s] INFO:colcon.colcon_core.shell:Creating environment hook '/home/drag0n0wl/ros2_ws/src/my_cpp_pkg/install/my_cpp_pkg/share/my_cpp_pkg/hook/cmake_prefix_path.sh'
[11.038s] Level 1:colcon.colcon_core.environment:checking '/home/drag0n0wl/ros2_ws/src/my_cpp_pkg/install/my_cpp_pkg/lib'
[11.038s] Level 1:colcon.colcon_core.environment:checking '/home/drag0n0wl/ros2_ws/src/my_cpp_pkg/install/my_cpp_pkg/bin'
[11.039s] Level 1:colcon.colcon_core.environment:checking '/home/drag0n0wl/ros2_ws/src/my_cpp_pkg/install/my_cpp_pkg/lib/pkgconfig/my_cpp_pkg.pc'
[11.039s] Level 1:colcon.colcon_core.environment:checking '/home/drag0n0wl/ros2_ws/src/my_cpp_pkg/install/my_cpp_pkg/lib/python3.10/site-packages'
[11.039s] Level 1:colcon.colcon_core.environment:checking '/home/drag0n0wl/ros2_ws/src/my_cpp_pkg/install/my_cpp_pkg/bin'
[11.039s] INFO:colcon.colcon_core.shell:Creating package script '/home/drag0n0wl/ros2_ws/src/my_cpp_pkg/install/my_cpp_pkg/share/my_cpp_pkg/package.ps1'
[11.040s] INFO:colcon.colcon_core.shell:Creating package descriptor '/home/drag0n0wl/ros2_ws/src/my_cpp_pkg/install/my_cpp_pkg/share/my_cpp_pkg/package.dsv'
[11.040s] INFO:colcon.colcon_core.shell:Creating package script '/home/drag0n0wl/ros2_ws/src/my_cpp_pkg/install/my_cpp_pkg/share/my_cpp_pkg/package.sh'
[11.040s] INFO:colcon.colcon_core.shell:Creating package script '/home/drag0n0wl/ros2_ws/src/my_cpp_pkg/install/my_cpp_pkg/share/my_cpp_pkg/package.bash'
[11.041s] INFO:colcon.colcon_core.shell:Creating package script '/home/drag0n0wl/ros2_ws/src/my_cpp_pkg/install/my_cpp_pkg/share/my_cpp_pkg/package.zsh'
[11.041s] Level 1:colcon.colcon_core.environment:create_file_with_runtime_dependencies(/home/drag0n0wl/ros2_ws/src/my_cpp_pkg/install/my_cpp_pkg/share/colcon-core/packages/my_cpp_pkg)
[11.041s] DEBUG:colcon.colcon_parallel_executor.executor.parallel:closing loop
[11.041s] DEBUG:colcon.colcon_parallel_executor.executor.parallel:loop closed
[11.041s] DEBUG:colcon.colcon_parallel_executor.executor.parallel:run_until_complete finished with '0'
[11.041s] DEBUG:colcon.colcon_core.event_reactor:joining thread
[11.045s] INFO:colcon.colcon_core.plugin_system:Skipping extension 'colcon_notification.desktop_notification.terminal_notifier': Not used on non-Darwin systems
[11.045s] INFO:colcon.colcon_core.plugin_system:Skipping extension 'colcon_notification.desktop_notification.win32': Not used on non-Windows systems
[11.045s] INFO:colcon.colcon_notification.desktop_notification:Sending desktop notification using 'notify2'
[11.056s] DEBUG:colcon.colcon_core.event_reactor:joined thread
[11.056s] INFO:colcon.colcon_core.shell:Creating prefix script '/home/drag0n0wl/ros2_ws/src/my_cpp_pkg/install/local_setup.ps1'
[11.057s] INFO:colcon.colcon_core.shell:Creating prefix util module '/home/drag0n0wl/ros2_ws/src/my_cpp_pkg/install/_local_setup_util_ps1.py'
[11.058s] INFO:colcon.colcon_core.shell:Creating prefix chain script '/home/drag0n0wl/ros2_ws/src/my_cpp_pkg/install/setup.ps1'
[11.058s] INFO:colcon.colcon_core.shell:Creating prefix script '/home/drag0n0wl/ros2_ws/src/my_cpp_pkg/install/local_setup.sh'
[11.059s] INFO:colcon.colcon_core.shell:Creating prefix util module '/home/drag0n0wl/ros2_ws/src/my_cpp_pkg/install/_local_setup_util_sh.py'
[11.059s] INFO:colcon.colcon_core.shell:Creating prefix chain script '/home/drag0n0wl/ros2_ws/src/my_cpp_pkg/install/setup.sh'
[11.059s] INFO:colcon.colcon_core.shell:Creating prefix script '/home/drag0n0wl/ros2_ws/src/my_cpp_pkg/install/local_setup.bash'
[11.060s] INFO:colcon.colcon_core.shell:Creating prefix chain script '/home/drag0n0wl/ros2_ws/src/my_cpp_pkg/install/setup.bash'
[11.060s] INFO:colcon.colcon_core.shell:Creating prefix script '/home/drag0n0wl/ros2_ws/src/my_cpp_pkg/install/local_setup.zsh'
[11.061s] INFO:colcon.colcon_core.shell:Creating prefix chain script '/home/drag0n0wl/ros2_ws/src/my_cpp_pkg/install/setup.zsh'
